<?xml version="1.0" encoding="UTF-8"?>
<!-- Generated by org.testng.reporters.JUnitReportReporter -->
<testsuite skipped="0" hostname="DESKTOP-7BVCD7R" name="codeCharge.Runner.LoginRunner" tests="2" failures="0" timestamp="2020-04-13T10:50:24 IST" time="57.939" errors="0">
  <testcase name="login" time="25.577" classname="codeCharge.Runner.LoginRunner"/>
  <system-out/>
  <testcase name="login" time="32.362" classname="codeCharge.Runner.LoginRunner"/>
  <system-out/>
</testsuite> <!-- codeCharge.Runner.LoginRunner -->
