<?xml version="1.0" encoding="UTF-8"?>
<!-- Generated by org.testng.reporters.JUnitReportReporter -->
<testsuite skipped="0" hostname="DESKTOP-7BVCD7R" name="codeCharge.Runner.TestRunner" tests="1" failures="0" timestamp="2020-04-09T17:26:19 IST" time="0.020" errors="0">
  <testcase name="login" time="0.020" classname="codeCharge.Runner.TestRunner"/>
  <system-out/>
</testsuite> <!-- codeCharge.Runner.TestRunner -->
